14:37:43 INFO  : Launching XSCT server: xsct -n  -interactive /home/jkl-rpu/workspace_mpsoc_preset/temp_xsdb_launch_script.tcl
14:37:43 INFO  : Platform repository initialization has completed.
14:37:43 INFO  : Registering command handlers for Vitis TCF services
14:37:46 INFO  : XSCT server has started successfully.
14:37:47 INFO  : plnx-install-location is set to ''
14:37:47 INFO  : Successfully done setting XSCT server connection channel  
14:37:47 INFO  : Successfully done setting workspace for the tool. 
14:37:47 INFO  : Successfully done query RDI_DATADIR 
14:40:20 INFO  : Result from executing command 'getProjects': mpsoc_preset_wrapper
14:40:20 INFO  : Result from executing command 'getPlatforms': 
14:40:20 WARN  : An unexpected exception occurred in the module 'platform project logging'
14:40:20 INFO  : Platform 'mpsoc_preset_wrapper' is added to custom repositories.
14:40:29 INFO  : Platform 'mpsoc_preset_wrapper' is added to custom repositories.
14:42:09 INFO  : Result from executing command 'getProjects': mpsoc_preset_wrapper
14:42:09 INFO  : Result from executing command 'getPlatforms': mpsoc_preset_wrapper|/home/jkl-rpu/workspace_mpsoc_preset/mpsoc_preset_wrapper/export/mpsoc_preset_wrapper/mpsoc_preset_wrapper.xpfm
14:42:12 INFO  : Checking for BSP changes to sync application flags for project 'mpsoc_preset'...
14:42:19 INFO  : Updating application flags with new BSP settings...
14:42:19 INFO  : Successfully updated application flags for project mpsoc_preset.
14:43:09 INFO  : Connected through redirection to target on host 'miob-3.acs-lab.eonerc.rwth-aachen.de' and port '3121'.
14:43:09 INFO  : Jtag cable 'Xilinx HW-FTDI-TEST FT232H 42382' is selected.
14:43:09 INFO  : 'jtag frequency' command is executed.
14:43:09 INFO  : Sourcing of '/global/software/vitis/Vitis/2021.2/scripts/vitis/util/zynqmp_utils.tcl' is done.
14:43:09 INFO  : Context for 'APU' is selected.
14:43:10 INFO  : System reset is completed.
14:43:13 INFO  : 'after 3000' command is executed.
14:43:13 INFO  : Context for 'RPU' is selected.
14:43:16 INFO  : Cleared RPU and R5 resets
14:43:16 INFO  : Split mode is enabled for R5#1
14:43:16 INFO  : Context for 'APU' is selected.
14:43:17 INFO  : Hardware design and registers information is loaded from '/home/jkl-rpu/workspace_mpsoc_preset/mpsoc_preset_wrapper/export/mpsoc_preset_wrapper/hw/mpsoc_preset_wrapper.xsa'.
14:43:17 INFO  : 'configparams force-mem-access 1' command is executed.
14:43:17 INFO  : Context for 'APU' is selected.
14:43:17 INFO  : Boot mode is read from the target.
14:43:17 INFO  : Context for processor 'psu_cortexr5_0' is selected.
14:43:17 INFO  : Processor reset is completed for 'psu_cortexr5_0'.
14:43:18 INFO  : The application '/home/jkl-rpu/workspace_mpsoc_preset/mpsoc_preset_wrapper/export/mpsoc_preset_wrapper/sw/mpsoc_preset_wrapper/boot/fsbl.elf' is downloaded to processor 'psu_cortexr5_0'.
14:43:18 INFO  : 'set bp_43_18_fsbl_bp [bpadd -addr &XFsbl_Exit]' command is executed.
14:44:18 WARN  : Exit breakpoint of FSBL (XFsbl_Exit) is not hit within allocated wait time of '60' seconds.
Note: To wait for a fixed amount of time specify the FSBL function as empty in launch configuration. Use 'IDE_FSBL_BP_HIT_WAIT_TIME' environment variable in launch configuration to modify the wait time (seconds).
Reason: timeout: target has not halted
14:44:18 INFO  : 'bpremove $bp_43_18_fsbl_bp' command is executed.
14:44:29 INFO  : Context for processor 'psu_cortexr5_0' is selected.
14:44:29 INFO  : Processor reset is completed for 'psu_cortexr5_0'.
14:44:29 ERROR : Memory write error at 0x100000. APB AP transaction error, DAP status 0x30000021
14:44:29 INFO  : ----------------XSDB Script----------------
connect -path [list tcp::1534 tcp:miob-3.acs-lab.eonerc.rwth-aachen.de:3121]
source /global/software/vitis/Vitis/2021.2/scripts/vitis/util/zynqmp_utils.tcl
targets -set -nocase -filter {name =~"APU*"}
rst -system
after 3000
targets -set -nocase -filter {name =~"RPU*"}
clear_rpu_reset
enable_split_mode
targets -set -nocase -filter {name =~"APU*"}
loadhw -hw /home/jkl-rpu/workspace_mpsoc_preset/mpsoc_preset_wrapper/export/mpsoc_preset_wrapper/hw/mpsoc_preset_wrapper.xsa -mem-ranges [list {0x80000000 0xbfffffff} {0x400000000 0x5ffffffff} {0x1000000000 0x7fffffffff}] -regs
configparams force-mem-access 1
targets -set -nocase -filter {name =~"APU*"}
set mode [expr [mrd -value 0xFF5E0200] & 0xf]
targets -set -nocase -filter {name =~ "*R5*#0"}
rst -processor
dow /home/jkl-rpu/workspace_mpsoc_preset/mpsoc_preset_wrapper/export/mpsoc_preset_wrapper/sw/mpsoc_preset_wrapper/boot/fsbl.elf
set bp_43_18_fsbl_bp [bpadd -addr &XFsbl_Exit]
con -block -timeout 60
bpremove $bp_43_18_fsbl_bp
targets -set -nocase -filter {name =~ "*R5*#0"}
rst -processor
dow /home/jkl-rpu/workspace_mpsoc_preset/mpsoc_preset/Debug/mpsoc_preset.elf
----------------End of Script----------------

14:44:29 ERROR : Memory write error at 0x100000. APB AP transaction error, DAP status 0x30000021
15:38:34 INFO  : Launching XSCT server: xsct -n  -interactive /home/jkl-rpu/workspace_mpsoc_preset/temp_xsdb_launch_script.tcl
15:38:35 INFO  : Platform repository initialization has completed.
15:38:35 INFO  : Registering command handlers for Vitis TCF services
15:38:37 INFO  : XSCT server has started successfully.
15:38:37 INFO  : plnx-install-location is set to ''
15:38:37 INFO  : Successfully done setting XSCT server connection channel  
15:38:37 INFO  : Successfully done query RDI_DATADIR 
15:38:37 INFO  : Successfully done setting workspace for the tool. 
16:10:32 INFO  : Result from executing command 'getProjects': zcu106_edt
16:10:32 INFO  : Result from executing command 'getPlatforms': 
16:12:39 INFO  : Result from executing command 'getProjects': zcu106_edt
16:12:39 INFO  : Result from executing command 'getPlatforms': zcu106_edt|/home/jkl-rpu/workspace_mpsoc_preset/zcu106_edt/export/zcu106_edt/zcu106_edt.xpfm
16:16:08 INFO  : Checking for BSP changes to sync application flags for project 'hello_r5'...
16:16:38 INFO  : Connected through redirection to target on host 'miob-3.acs-lab.eonerc.rwth-aachen.de' and port '3121'.
16:16:39 INFO  : Jtag cable 'Xilinx HW-FTDI-TEST FT232H 42382' is selected.
16:16:39 INFO  : 'jtag frequency' command is executed.
16:16:39 INFO  : Sourcing of '/global/software/vitis/Vitis/2021.2/scripts/vitis/util/zynqmp_utils.tcl' is done.
16:16:39 INFO  : Context for 'APU' is selected.
16:16:40 INFO  : System reset is completed.
16:16:43 INFO  : 'after 3000' command is executed.
16:16:43 INFO  : Context for 'RPU' is selected.
16:16:43 INFO  : Split mode is enabled for R5#1
16:16:43 INFO  : Context for 'APU' is selected.
16:16:43 INFO  : Hardware design and registers information is loaded from '/home/jkl-rpu/workspace_mpsoc_preset/zcu106_edt/export/zcu106_edt/hw/edt_zcu106_wrapper.xsa'.
16:16:43 INFO  : 'configparams force-mem-access 1' command is executed.
16:16:43 INFO  : Context for 'APU' is selected.
16:16:43 INFO  : Boot mode is read from the target.
16:16:43 INFO  : Context for processor 'psu_cortexr5_0' is selected.
16:16:43 INFO  : Processor reset is completed for 'psu_cortexr5_0'.
16:16:44 INFO  : The application '/home/jkl-rpu/workspace_mpsoc_preset/zcu106_edt/export/zcu106_edt/sw/zcu106_edt/boot/fsbl.elf' is downloaded to processor 'psu_cortexr5_0'.
16:16:44 INFO  : 'set bp_16_44_fsbl_bp [bpadd -addr &XFsbl_Exit]' command is executed.
16:16:45 INFO  : 'con -block -timeout 60' command is executed.
16:16:45 INFO  : 'bpremove $bp_16_44_fsbl_bp' command is executed.
16:16:45 INFO  : Context for processor 'psu_cortexr5_0' is selected.
16:16:45 INFO  : Processor reset is completed for 'psu_cortexr5_0'.
16:16:45 INFO  : The application '/home/jkl-rpu/workspace_mpsoc_preset/hello_r5/Debug/hello_r5.elf' is downloaded to processor 'psu_cortexr5_0'.
16:16:45 INFO  : 'configparams force-mem-access 0' command is executed.
16:16:45 INFO  : ----------------XSDB Script----------------
connect -path [list tcp::1534 tcp:miob-3.acs-lab.eonerc.rwth-aachen.de:3121]
source /global/software/vitis/Vitis/2021.2/scripts/vitis/util/zynqmp_utils.tcl
targets -set -nocase -filter {name =~"APU*"}
rst -system
after 3000
targets -set -nocase -filter {name =~"RPU*"}
enable_split_mode
targets -set -nocase -filter {name =~"APU*"}
loadhw -hw /home/jkl-rpu/workspace_mpsoc_preset/zcu106_edt/export/zcu106_edt/hw/edt_zcu106_wrapper.xsa -mem-ranges [list {0x80000000 0xbfffffff} {0x400000000 0x5ffffffff} {0x1000000000 0x7fffffffff}] -regs
configparams force-mem-access 1
targets -set -nocase -filter {name =~"APU*"}
set mode [expr [mrd -value 0xFF5E0200] & 0xf]
targets -set -nocase -filter {name =~ "*R5*#0"}
rst -processor
dow /home/jkl-rpu/workspace_mpsoc_preset/zcu106_edt/export/zcu106_edt/sw/zcu106_edt/boot/fsbl.elf
set bp_16_44_fsbl_bp [bpadd -addr &XFsbl_Exit]
con -block -timeout 60
bpremove $bp_16_44_fsbl_bp
targets -set -nocase -filter {name =~ "*R5*#0"}
rst -processor
dow /home/jkl-rpu/workspace_mpsoc_preset/hello_r5/Debug/hello_r5.elf
configparams force-mem-access 0
----------------End of Script----------------

16:16:45 INFO  : Context for processor 'psu_cortexr5_0' is selected.
16:16:45 INFO  : 'con' command is executed.
16:16:45 INFO  : ----------------XSDB Script (After Launch)----------------
targets -set -nocase -filter {name =~ "*R5*#0"}
con
----------------End of Script----------------

16:16:45 INFO  : Launch script is exported to file '/home/jkl-rpu/workspace_mpsoc_preset/hello_r5_system/_ide/scripts/debugger_hello_r5-default.tcl'
16:52:29 INFO  : Result from executing command 'getProjects': edt_zcu106_wrapper
16:52:29 INFO  : Result from executing command 'getPlatforms': 
16:52:29 ERROR : An unexpected exception occurred in the module 'platform project logging'
16:52:29 INFO  : Platform 'edt_zcu106_wrapper' is added to custom repositories.
16:52:38 INFO  : Platform 'edt_zcu106_wrapper' is added to custom repositories.
16:59:14 INFO  : Result from executing command 'getProjects': edt_zcu106_wrapper
16:59:14 INFO  : Result from executing command 'getPlatforms': edt_zcu106_wrapper|/home/jkl-rpu/workspace_mpsoc_preset/edt_zcu106_wrapper/export/edt_zcu106_wrapper/edt_zcu106_wrapper.xpfm
16:59:17 INFO  : Checking for BSP changes to sync application flags for project 'tmr_psled_r5'...
17:04:07 INFO  : Checking for BSP changes to sync application flags for project 'tmr_psled_r5'...
17:05:35 INFO  : Connected through redirection to target on host 'miob-3.acs-lab.eonerc.rwth-aachen.de' and port '3121'.
17:05:35 INFO  : ----------------XSDB Script----------------
connect -path [list tcp::1534 tcp:miob-3.acs-lab.eonerc.rwth-aachen.de:3121]
----------------End of Script----------------

17:05:35 ERROR : Can't run initialization as FSBL file is not found in the platform. Please make sure that FSBL is generated in the platform.
19:25:02 ERROR : An unexpected exception occurred in the module 'reading platform'
19:25:02 ERROR : An unexpected exception occurred in the module 'platform project logging'
19:25:58 INFO  : Result from executing command 'getProjects': edt_zcu106_wrapper
19:25:58 INFO  : Result from executing command 'getPlatforms': 
19:25:58 INFO  : Platform 'edt_zcu106_wrapper' is added to custom repositories.
19:26:07 INFO  : Platform 'edt_zcu106_wrapper' is added to custom repositories.
19:26:58 INFO  : Result from executing command 'getProjects': edt_zcu106_wrapper
19:26:58 INFO  : Result from executing command 'getPlatforms': edt_zcu106_wrapper|/home/jkl-rpu/workspace_mpsoc_preset/edt_zcu106_wrapper/export/edt_zcu106_wrapper/edt_zcu106_wrapper.xpfm
19:27:55 INFO  : Checking for BSP changes to sync application flags for project 'tmr_psled_r5'...
19:28:42 INFO  : Connected through redirection to target on host 'miob-3.acs-lab.eonerc.rwth-aachen.de' and port '3121'.
19:28:42 INFO  : Jtag cable 'Xilinx HW-FTDI-TEST FT232H 42382' is selected.
19:28:42 INFO  : 'jtag frequency' command is executed.
19:28:42 INFO  : Sourcing of '/global/software/vitis/Vitis/2021.2/scripts/vitis/util/zynqmp_utils.tcl' is done.
19:28:42 INFO  : Context for 'APU' is selected.
19:28:42 INFO  : System reset is completed.
19:28:46 INFO  : 'after 3000' command is executed.
19:28:46 INFO  : Context for 'RPU' is selected.
19:28:49 INFO  : Cleared RPU and R5 resets
19:28:49 INFO  : Split mode is enabled for R5#1
19:28:49 INFO  : 'targets -set -filter {jtag_cable_name =~ "Xilinx HW-FTDI-TEST FT232H 42382" && level==0 && jtag_device_ctx=="jsn-HW-FTDI-TEST FT232H-42382-14730093-0"}' command is executed.
19:29:02 INFO  : Device configured successfully with "/home/jkl-rpu/workspace_mpsoc_preset/tmr_psled_r5/_ide/bitstream/edt_zcu106_wrapper.bit"
19:29:02 INFO  : Context for 'APU' is selected.
19:29:03 INFO  : Hardware design and registers information is loaded from '/home/jkl-rpu/workspace_mpsoc_preset/edt_zcu106_wrapper/export/edt_zcu106_wrapper/hw/edt_zcu106_wrapper.xsa'.
19:29:03 INFO  : 'configparams force-mem-access 1' command is executed.
19:29:03 INFO  : Context for 'APU' is selected.
19:29:03 INFO  : Boot mode is read from the target.
19:29:03 INFO  : Context for processor 'psu_cortexr5_0' is selected.
19:29:03 INFO  : Processor reset is completed for 'psu_cortexr5_0'.
19:29:03 INFO  : The application '/home/jkl-rpu/workspace_mpsoc_preset/edt_zcu106_wrapper/export/edt_zcu106_wrapper/sw/edt_zcu106_wrapper/boot/fsbl.elf' is downloaded to processor 'psu_cortexr5_0'.
19:29:03 INFO  : 'set bp_29_3_fsbl_bp [bpadd -addr &XFsbl_Exit]' command is executed.
19:29:04 INFO  : 'con -block -timeout 60' command is executed.
19:29:04 INFO  : 'bpremove $bp_29_3_fsbl_bp' command is executed.
19:29:04 INFO  : Context for processor 'psu_cortexr5_0' is selected.
19:29:05 INFO  : Processor reset is completed for 'psu_cortexr5_0'.
19:29:05 INFO  : The application '/home/jkl-rpu/workspace_mpsoc_preset/tmr_psled_r5/Debug/tmr_psled_r5.elf' is downloaded to processor 'psu_cortexr5_0'.
19:29:05 INFO  : 'configparams force-mem-access 0' command is executed.
19:29:05 INFO  : ----------------XSDB Script----------------
connect -path [list tcp::1534 tcp:miob-3.acs-lab.eonerc.rwth-aachen.de:3121]
source /global/software/vitis/Vitis/2021.2/scripts/vitis/util/zynqmp_utils.tcl
targets -set -nocase -filter {name =~"APU*"}
rst -system
after 3000
targets -set -nocase -filter {name =~"RPU*"}
clear_rpu_reset
enable_split_mode
targets -set -filter {jtag_cable_name =~ "Xilinx HW-FTDI-TEST FT232H 42382" && level==0 && jtag_device_ctx=="jsn-HW-FTDI-TEST FT232H-42382-14730093-0"}
fpga -file /home/jkl-rpu/workspace_mpsoc_preset/tmr_psled_r5/_ide/bitstream/edt_zcu106_wrapper.bit
targets -set -nocase -filter {name =~"APU*"}
loadhw -hw /home/jkl-rpu/workspace_mpsoc_preset/edt_zcu106_wrapper/export/edt_zcu106_wrapper/hw/edt_zcu106_wrapper.xsa -mem-ranges [list {0x80000000 0xbfffffff} {0x400000000 0x5ffffffff} {0x1000000000 0x7fffffffff}] -regs
configparams force-mem-access 1
targets -set -nocase -filter {name =~"APU*"}
set mode [expr [mrd -value 0xFF5E0200] & 0xf]
targets -set -nocase -filter {name =~ "*R5*#0"}
rst -processor
dow /home/jkl-rpu/workspace_mpsoc_preset/edt_zcu106_wrapper/export/edt_zcu106_wrapper/sw/edt_zcu106_wrapper/boot/fsbl.elf
set bp_29_3_fsbl_bp [bpadd -addr &XFsbl_Exit]
con -block -timeout 60
bpremove $bp_29_3_fsbl_bp
targets -set -nocase -filter {name =~ "*R5*#0"}
rst -processor
dow /home/jkl-rpu/workspace_mpsoc_preset/tmr_psled_r5/Debug/tmr_psled_r5.elf
configparams force-mem-access 0
----------------End of Script----------------

19:29:05 INFO  : Context for processor 'psu_cortexr5_0' is selected.
19:29:05 INFO  : 'con' command is executed.
19:29:05 INFO  : ----------------XSDB Script (After Launch)----------------
targets -set -nocase -filter {name =~ "*R5*#0"}
con
----------------End of Script----------------

19:29:05 INFO  : Launch script is exported to file '/home/jkl-rpu/workspace_mpsoc_preset/tmr_psled_r5_system/_ide/scripts/debugger_tmr_psled_r5-default.tcl'
19:31:15 INFO  : Disconnected from the channel tcfchan#2.
19:31:16 INFO  : Connected through redirection to target on host 'miob-3.acs-lab.eonerc.rwth-aachen.de' and port '3121'.
19:31:16 INFO  : Jtag cable 'Xilinx HW-FTDI-TEST FT232H 42382' is selected.
19:31:16 INFO  : 'jtag frequency' command is executed.
19:31:16 INFO  : Sourcing of '/global/software/vitis/Vitis/2021.2/scripts/vitis/util/zynqmp_utils.tcl' is done.
19:31:16 INFO  : Context for 'APU' is selected.
19:31:17 INFO  : System reset is completed.
19:31:20 INFO  : 'after 3000' command is executed.
19:31:20 INFO  : Context for 'RPU' is selected.
19:31:23 INFO  : Cleared RPU and R5 resets
19:31:23 INFO  : Split mode is enabled for R5#1
19:31:23 INFO  : 'targets -set -filter {jtag_cable_name =~ "Xilinx HW-FTDI-TEST FT232H 42382" && level==0 && jtag_device_ctx=="jsn-HW-FTDI-TEST FT232H-42382-14730093-0"}' command is executed.
19:31:37 INFO  : Device configured successfully with "/home/jkl-rpu/workspace_mpsoc_preset/tmr_psled_r5/_ide/bitstream/edt_zcu106_wrapper.bit"
19:31:37 INFO  : Context for 'APU' is selected.
19:31:37 INFO  : Hardware design and registers information is loaded from '/home/jkl-rpu/workspace_mpsoc_preset/edt_zcu106_wrapper/export/edt_zcu106_wrapper/hw/edt_zcu106_wrapper.xsa'.
19:31:37 INFO  : 'configparams force-mem-access 1' command is executed.
19:31:37 INFO  : Context for 'APU' is selected.
19:31:37 INFO  : Boot mode is read from the target.
19:31:37 INFO  : Context for processor 'psu_cortexr5_0' is selected.
19:31:37 INFO  : Processor reset is completed for 'psu_cortexr5_0'.
19:31:38 INFO  : The application '/home/jkl-rpu/workspace_mpsoc_preset/edt_zcu106_wrapper/export/edt_zcu106_wrapper/sw/edt_zcu106_wrapper/boot/fsbl.elf' is downloaded to processor 'psu_cortexr5_0'.
19:31:38 INFO  : 'set bp_31_38_fsbl_bp [bpadd -addr &XFsbl_Exit]' command is executed.
19:31:39 INFO  : 'con -block -timeout 60' command is executed.
19:31:39 INFO  : 'bpremove $bp_31_38_fsbl_bp' command is executed.
19:31:39 INFO  : Context for processor 'psu_cortexr5_0' is selected.
19:31:39 INFO  : Processor reset is completed for 'psu_cortexr5_0'.
19:31:39 INFO  : The application '/home/jkl-rpu/workspace_mpsoc_preset/tmr_psled_r5/Debug/tmr_psled_r5.elf' is downloaded to processor 'psu_cortexr5_0'.
19:31:39 INFO  : 'configparams force-mem-access 0' command is executed.
19:31:39 INFO  : ----------------XSDB Script----------------
connect -path [list tcp::1534 tcp:miob-3.acs-lab.eonerc.rwth-aachen.de:3121]
source /global/software/vitis/Vitis/2021.2/scripts/vitis/util/zynqmp_utils.tcl
targets -set -nocase -filter {name =~"APU*"}
rst -system
after 3000
targets -set -nocase -filter {name =~"RPU*"}
clear_rpu_reset
enable_split_mode
targets -set -filter {jtag_cable_name =~ "Xilinx HW-FTDI-TEST FT232H 42382" && level==0 && jtag_device_ctx=="jsn-HW-FTDI-TEST FT232H-42382-14730093-0"}
fpga -file /home/jkl-rpu/workspace_mpsoc_preset/tmr_psled_r5/_ide/bitstream/edt_zcu106_wrapper.bit
targets -set -nocase -filter {name =~"APU*"}
loadhw -hw /home/jkl-rpu/workspace_mpsoc_preset/edt_zcu106_wrapper/export/edt_zcu106_wrapper/hw/edt_zcu106_wrapper.xsa -mem-ranges [list {0x80000000 0xbfffffff} {0x400000000 0x5ffffffff} {0x1000000000 0x7fffffffff}] -regs
configparams force-mem-access 1
targets -set -nocase -filter {name =~"APU*"}
set mode [expr [mrd -value 0xFF5E0200] & 0xf]
targets -set -nocase -filter {name =~ "*R5*#0"}
rst -processor
dow /home/jkl-rpu/workspace_mpsoc_preset/edt_zcu106_wrapper/export/edt_zcu106_wrapper/sw/edt_zcu106_wrapper/boot/fsbl.elf
set bp_31_38_fsbl_bp [bpadd -addr &XFsbl_Exit]
con -block -timeout 60
bpremove $bp_31_38_fsbl_bp
targets -set -nocase -filter {name =~ "*R5*#0"}
rst -processor
dow /home/jkl-rpu/workspace_mpsoc_preset/tmr_psled_r5/Debug/tmr_psled_r5.elf
configparams force-mem-access 0
----------------End of Script----------------

19:31:39 INFO  : Context for processor 'psu_cortexr5_0' is selected.
19:31:39 INFO  : 'con' command is executed.
19:31:39 INFO  : ----------------XSDB Script (After Launch)----------------
targets -set -nocase -filter {name =~ "*R5*#0"}
con
----------------End of Script----------------

19:31:39 INFO  : Launch script is exported to file '/home/jkl-rpu/workspace_mpsoc_preset/tmr_psled_r5_system/_ide/scripts/debugger_tmr_psled_r5-default.tcl'
19:35:05 INFO  : Result from executing command 'getProjects': edt_zcu106_wrapper
19:35:05 INFO  : Result from executing command 'getPlatforms': edt_zcu106_wrapper|/home/jkl-rpu/workspace_mpsoc_preset/edt_zcu106_wrapper/export/edt_zcu106_wrapper/edt_zcu106_wrapper.xpfm
19:35:08 INFO  : Checking for BSP changes to sync application flags for project 'tmr_psled_r5'...
19:35:14 INFO  : Updating application flags with new BSP settings...
19:35:14 INFO  : Successfully updated application flags for project tmr_psled_r5.
19:36:19 INFO  : Disconnected from the channel tcfchan#6.
19:36:21 INFO  : Connected through redirection to target on host 'miob-3.acs-lab.eonerc.rwth-aachen.de' and port '3121'.
19:36:21 INFO  : Jtag cable 'Xilinx HW-FTDI-TEST FT232H 42382' is selected.
19:36:21 INFO  : 'jtag frequency' command is executed.
19:36:21 INFO  : Sourcing of '/global/software/vitis/Vitis/2021.2/scripts/vitis/util/zynqmp_utils.tcl' is done.
19:36:21 INFO  : Context for 'APU' is selected.
19:36:22 INFO  : System reset is completed.
19:36:25 INFO  : 'after 3000' command is executed.
19:36:25 INFO  : Context for 'RPU' is selected.
19:36:28 INFO  : Cleared RPU and R5 resets
19:36:28 INFO  : Split mode is enabled for R5#1
19:36:28 INFO  : 'targets -set -filter {jtag_cable_name =~ "Xilinx HW-FTDI-TEST FT232H 42382" && level==0 && jtag_device_ctx=="jsn-HW-FTDI-TEST FT232H-42382-14730093-0"}' command is executed.
19:36:41 INFO  : Device configured successfully with "/home/jkl-rpu/workspace_mpsoc_preset/tmr_psled_r5/_ide/bitstream/edt_zcu106_wrapper.bit"
19:36:41 INFO  : Context for 'APU' is selected.
19:36:42 INFO  : Hardware design and registers information is loaded from '/home/jkl-rpu/workspace_mpsoc_preset/edt_zcu106_wrapper/export/edt_zcu106_wrapper/hw/edt_zcu106_wrapper.xsa'.
19:36:42 INFO  : 'configparams force-mem-access 1' command is executed.
19:36:42 INFO  : Context for 'APU' is selected.
19:36:42 INFO  : Boot mode is read from the target.
19:36:42 INFO  : Context for processor 'psu_cortexr5_0' is selected.
19:36:42 INFO  : Processor reset is completed for 'psu_cortexr5_0'.
19:36:43 INFO  : The application '/home/jkl-rpu/workspace_mpsoc_preset/edt_zcu106_wrapper/export/edt_zcu106_wrapper/sw/edt_zcu106_wrapper/boot/fsbl.elf' is downloaded to processor 'psu_cortexr5_0'.
19:36:43 INFO  : 'set bp_36_43_fsbl_bp [bpadd -addr &XFsbl_Exit]' command is executed.
19:36:44 INFO  : 'con -block -timeout 60' command is executed.
19:36:44 INFO  : 'bpremove $bp_36_43_fsbl_bp' command is executed.
19:36:44 INFO  : Context for processor 'psu_cortexr5_0' is selected.
19:36:44 INFO  : Processor reset is completed for 'psu_cortexr5_0'.
19:36:44 INFO  : The application '/home/jkl-rpu/workspace_mpsoc_preset/tmr_psled_r5/Debug/tmr_psled_r5.elf' is downloaded to processor 'psu_cortexr5_0'.
19:36:44 INFO  : 'configparams force-mem-access 0' command is executed.
19:36:44 INFO  : ----------------XSDB Script----------------
connect -path [list tcp::1534 tcp:miob-3.acs-lab.eonerc.rwth-aachen.de:3121]
source /global/software/vitis/Vitis/2021.2/scripts/vitis/util/zynqmp_utils.tcl
targets -set -nocase -filter {name =~"APU*"}
rst -system
after 3000
targets -set -nocase -filter {name =~"RPU*"}
clear_rpu_reset
enable_split_mode
targets -set -filter {jtag_cable_name =~ "Xilinx HW-FTDI-TEST FT232H 42382" && level==0 && jtag_device_ctx=="jsn-HW-FTDI-TEST FT232H-42382-14730093-0"}
fpga -file /home/jkl-rpu/workspace_mpsoc_preset/tmr_psled_r5/_ide/bitstream/edt_zcu106_wrapper.bit
targets -set -nocase -filter {name =~"APU*"}
loadhw -hw /home/jkl-rpu/workspace_mpsoc_preset/edt_zcu106_wrapper/export/edt_zcu106_wrapper/hw/edt_zcu106_wrapper.xsa -mem-ranges [list {0x80000000 0xbfffffff} {0x400000000 0x5ffffffff} {0x1000000000 0x7fffffffff}] -regs
configparams force-mem-access 1
targets -set -nocase -filter {name =~"APU*"}
set mode [expr [mrd -value 0xFF5E0200] & 0xf]
targets -set -nocase -filter {name =~ "*R5*#0"}
rst -processor
dow /home/jkl-rpu/workspace_mpsoc_preset/edt_zcu106_wrapper/export/edt_zcu106_wrapper/sw/edt_zcu106_wrapper/boot/fsbl.elf
set bp_36_43_fsbl_bp [bpadd -addr &XFsbl_Exit]
con -block -timeout 60
bpremove $bp_36_43_fsbl_bp
targets -set -nocase -filter {name =~ "*R5*#0"}
rst -processor
dow /home/jkl-rpu/workspace_mpsoc_preset/tmr_psled_r5/Debug/tmr_psled_r5.elf
configparams force-mem-access 0
----------------End of Script----------------

19:36:44 INFO  : Context for processor 'psu_cortexr5_0' is selected.
19:36:44 INFO  : 'con' command is executed.
19:36:44 INFO  : ----------------XSDB Script (After Launch)----------------
targets -set -nocase -filter {name =~ "*R5*#0"}
con
----------------End of Script----------------

19:36:44 INFO  : Launch script is exported to file '/home/jkl-rpu/workspace_mpsoc_preset/tmr_psled_r5_system/_ide/scripts/debugger_tmr_psled_r5-default.tcl'
19:38:24 INFO  : Result from executing command 'getProjects': edt_zcu106_wrapper
19:38:24 INFO  : Result from executing command 'getPlatforms': edt_zcu106_wrapper|/home/jkl-rpu/workspace_mpsoc_preset/edt_zcu106_wrapper/export/edt_zcu106_wrapper/edt_zcu106_wrapper.xpfm
19:38:27 INFO  : Checking for BSP changes to sync application flags for project 'tmr_psled_r5'...
19:38:33 INFO  : Updating application flags with new BSP settings...
19:38:34 INFO  : Successfully updated application flags for project tmr_psled_r5.
19:39:20 INFO  : Disconnected from the channel tcfchan#9.
19:39:21 INFO  : Connected through redirection to target on host 'miob-3.acs-lab.eonerc.rwth-aachen.de' and port '3121'.
19:39:21 INFO  : Jtag cable 'Xilinx HW-FTDI-TEST FT232H 42382' is selected.
19:39:21 INFO  : 'jtag frequency' command is executed.
19:39:21 INFO  : Sourcing of '/global/software/vitis/Vitis/2021.2/scripts/vitis/util/zynqmp_utils.tcl' is done.
19:39:21 INFO  : Context for 'APU' is selected.
19:39:22 INFO  : System reset is completed.
19:39:25 INFO  : 'after 3000' command is executed.
19:39:25 INFO  : Context for 'RPU' is selected.
19:39:28 INFO  : Cleared RPU and R5 resets
19:39:28 INFO  : Split mode is enabled for R5#1
19:39:28 INFO  : Context for 'APU' is selected.
19:39:29 INFO  : Hardware design and registers information is loaded from '/home/jkl-rpu/workspace_mpsoc_preset/edt_zcu106_wrapper/export/edt_zcu106_wrapper/hw/edt_zcu106_wrapper.xsa'.
19:39:29 INFO  : 'configparams force-mem-access 1' command is executed.
19:39:29 INFO  : Context for 'APU' is selected.
19:39:29 INFO  : Boot mode is read from the target.
19:39:29 INFO  : Context for processor 'psu_cortexr5_0' is selected.
19:39:29 INFO  : Processor reset is completed for 'psu_cortexr5_0'.
19:39:30 INFO  : The application '/home/jkl-rpu/workspace_mpsoc_preset/edt_zcu106_wrapper/export/edt_zcu106_wrapper/sw/edt_zcu106_wrapper/boot/fsbl.elf' is downloaded to processor 'psu_cortexr5_0'.
19:39:30 INFO  : 'set bp_39_30_fsbl_bp [bpadd -addr &XFsbl_Exit]' command is executed.
19:39:31 INFO  : 'con -block -timeout 60' command is executed.
19:39:31 INFO  : 'bpremove $bp_39_30_fsbl_bp' command is executed.
19:39:31 INFO  : Context for processor 'psu_cortexr5_0' is selected.
19:39:31 INFO  : Processor reset is completed for 'psu_cortexr5_0'.
19:39:31 INFO  : The application '/home/jkl-rpu/workspace_mpsoc_preset/tmr_psled_r5/Debug/tmr_psled_r5.elf' is downloaded to processor 'psu_cortexr5_0'.
19:39:31 INFO  : 'configparams force-mem-access 0' command is executed.
19:39:31 INFO  : ----------------XSDB Script----------------
connect -path [list tcp::1534 tcp:miob-3.acs-lab.eonerc.rwth-aachen.de:3121]
source /global/software/vitis/Vitis/2021.2/scripts/vitis/util/zynqmp_utils.tcl
targets -set -nocase -filter {name =~"APU*"}
rst -system
after 3000
targets -set -nocase -filter {name =~"RPU*"}
clear_rpu_reset
enable_split_mode
targets -set -nocase -filter {name =~"APU*"}
loadhw -hw /home/jkl-rpu/workspace_mpsoc_preset/edt_zcu106_wrapper/export/edt_zcu106_wrapper/hw/edt_zcu106_wrapper.xsa -mem-ranges [list {0x80000000 0xbfffffff} {0x400000000 0x5ffffffff} {0x1000000000 0x7fffffffff}] -regs
configparams force-mem-access 1
targets -set -nocase -filter {name =~"APU*"}
set mode [expr [mrd -value 0xFF5E0200] & 0xf]
targets -set -nocase -filter {name =~ "*R5*#0"}
rst -processor
dow /home/jkl-rpu/workspace_mpsoc_preset/edt_zcu106_wrapper/export/edt_zcu106_wrapper/sw/edt_zcu106_wrapper/boot/fsbl.elf
set bp_39_30_fsbl_bp [bpadd -addr &XFsbl_Exit]
con -block -timeout 60
bpremove $bp_39_30_fsbl_bp
targets -set -nocase -filter {name =~ "*R5*#0"}
rst -processor
dow /home/jkl-rpu/workspace_mpsoc_preset/tmr_psled_r5/Debug/tmr_psled_r5.elf
configparams force-mem-access 0
----------------End of Script----------------

19:39:31 INFO  : Context for processor 'psu_cortexr5_0' is selected.
19:39:32 INFO  : 'con' command is executed.
19:39:32 INFO  : ----------------XSDB Script (After Launch)----------------
targets -set -nocase -filter {name =~ "*R5*#0"}
con
----------------End of Script----------------

19:39:32 INFO  : Launch script is exported to file '/home/jkl-rpu/workspace_mpsoc_preset/tmr_psled_r5_system/_ide/scripts/debugger_tmr_psled_r5-default.tcl'
19:41:21 INFO  : Disconnected from the channel tcfchan#12.
19:41:22 INFO  : Connected through redirection to target on host 'miob-3.acs-lab.eonerc.rwth-aachen.de' and port '3121'.
19:41:22 INFO  : Jtag cable 'Xilinx HW-FTDI-TEST FT232H 42382' is selected.
19:41:23 INFO  : 'jtag frequency' command is executed.
19:41:23 INFO  : Sourcing of '/global/software/vitis/Vitis/2021.2/scripts/vitis/util/zynqmp_utils.tcl' is done.
19:41:23 INFO  : Context for 'APU' is selected.
19:41:23 INFO  : System reset is completed.
19:41:26 INFO  : 'after 3000' command is executed.
19:41:26 INFO  : Context for 'RPU' is selected.
19:41:29 INFO  : Cleared RPU and R5 resets
19:41:29 INFO  : Split mode is enabled for R5#1
19:41:29 INFO  : 'targets -set -filter {jtag_cable_name =~ "Xilinx HW-FTDI-TEST FT232H 42382" && level==0 && jtag_device_ctx=="jsn-HW-FTDI-TEST FT232H-42382-14730093-0"}' command is executed.
19:41:43 INFO  : Device configured successfully with "/home/jkl-rpu/workspace_mpsoc_preset/tmr_psled_r5/_ide/bitstream/edt_zcu106_wrapper.bit"
19:41:43 INFO  : Context for 'APU' is selected.
19:41:43 INFO  : Hardware design and registers information is loaded from '/home/jkl-rpu/workspace_mpsoc_preset/edt_zcu106_wrapper/export/edt_zcu106_wrapper/hw/edt_zcu106_wrapper.xsa'.
19:41:43 INFO  : 'configparams force-mem-access 1' command is executed.
19:41:43 INFO  : Context for 'APU' is selected.
19:41:43 INFO  : Boot mode is read from the target.
19:41:44 INFO  : Context for processor 'psu_cortexr5_0' is selected.
19:41:44 INFO  : Processor reset is completed for 'psu_cortexr5_0'.
19:41:44 INFO  : The application '/home/jkl-rpu/workspace_mpsoc_preset/edt_zcu106_wrapper/export/edt_zcu106_wrapper/sw/edt_zcu106_wrapper/boot/fsbl.elf' is downloaded to processor 'psu_cortexr5_0'.
19:41:44 INFO  : 'set bp_41_44_fsbl_bp [bpadd -addr &XFsbl_Exit]' command is executed.
19:41:45 INFO  : 'con -block -timeout 60' command is executed.
19:41:45 INFO  : 'bpremove $bp_41_44_fsbl_bp' command is executed.
19:41:45 INFO  : Context for processor 'psu_cortexr5_0' is selected.
19:41:45 INFO  : Processor reset is completed for 'psu_cortexr5_0'.
19:41:46 INFO  : The application '/home/jkl-rpu/workspace_mpsoc_preset/tmr_psled_r5/Debug/tmr_psled_r5.elf' is downloaded to processor 'psu_cortexr5_0'.
19:41:46 INFO  : 'configparams force-mem-access 0' command is executed.
19:41:46 INFO  : ----------------XSDB Script----------------
connect -path [list tcp::1534 tcp:miob-3.acs-lab.eonerc.rwth-aachen.de:3121]
source /global/software/vitis/Vitis/2021.2/scripts/vitis/util/zynqmp_utils.tcl
targets -set -nocase -filter {name =~"APU*"}
rst -system
after 3000
targets -set -nocase -filter {name =~"RPU*"}
clear_rpu_reset
enable_split_mode
targets -set -filter {jtag_cable_name =~ "Xilinx HW-FTDI-TEST FT232H 42382" && level==0 && jtag_device_ctx=="jsn-HW-FTDI-TEST FT232H-42382-14730093-0"}
fpga -file /home/jkl-rpu/workspace_mpsoc_preset/tmr_psled_r5/_ide/bitstream/edt_zcu106_wrapper.bit
targets -set -nocase -filter {name =~"APU*"}
loadhw -hw /home/jkl-rpu/workspace_mpsoc_preset/edt_zcu106_wrapper/export/edt_zcu106_wrapper/hw/edt_zcu106_wrapper.xsa -mem-ranges [list {0x80000000 0xbfffffff} {0x400000000 0x5ffffffff} {0x1000000000 0x7fffffffff}] -regs
configparams force-mem-access 1
targets -set -nocase -filter {name =~"APU*"}
set mode [expr [mrd -value 0xFF5E0200] & 0xf]
targets -set -nocase -filter {name =~ "*R5*#0"}
rst -processor
dow /home/jkl-rpu/workspace_mpsoc_preset/edt_zcu106_wrapper/export/edt_zcu106_wrapper/sw/edt_zcu106_wrapper/boot/fsbl.elf
set bp_41_44_fsbl_bp [bpadd -addr &XFsbl_Exit]
con -block -timeout 60
bpremove $bp_41_44_fsbl_bp
targets -set -nocase -filter {name =~ "*R5*#0"}
rst -processor
dow /home/jkl-rpu/workspace_mpsoc_preset/tmr_psled_r5/Debug/tmr_psled_r5.elf
configparams force-mem-access 0
----------------End of Script----------------

19:41:46 INFO  : Context for processor 'psu_cortexr5_0' is selected.
19:41:46 INFO  : 'con' command is executed.
19:41:46 INFO  : ----------------XSDB Script (After Launch)----------------
targets -set -nocase -filter {name =~ "*R5*#0"}
con
----------------End of Script----------------

19:41:46 INFO  : Launch script is exported to file '/home/jkl-rpu/workspace_mpsoc_preset/tmr_psled_r5_system/_ide/scripts/debugger_tmr_psled_r5-default.tcl'
20:17:59 WARN  : channel "tcfchan#2" closed
20:17:59 INFO  : Disconnected from the channel tcfchan#13.
17:10:03 INFO  : Launching XSCT server: xsct -n  -interactive /home/jkl-rpu/workspace_mpsoc_preset/temp_xsdb_launch_script.tcl
17:10:05 INFO  : Platform repository initialization has completed.
17:10:05 INFO  : Registering command handlers for Vitis TCF services
17:10:07 INFO  : XSCT server has started successfully.
17:10:07 INFO  : Successfully done setting XSCT server connection channel  
17:10:07 INFO  : plnx-install-location is set to ''
17:10:07 INFO  : Successfully done setting workspace for the tool. 
17:10:07 INFO  : Successfully done query RDI_DATADIR 
19:10:15 INFO  : Connected through redirection to target on host 'miob-3.acs-lab.eonerc.rwth-aachen.de' and port '3121'.
19:10:16 INFO  : Jtag cable 'Xilinx HW-FTDI-TEST FT232H 42382' is selected.
19:10:16 INFO  : 'jtag frequency' command is executed.
19:10:16 INFO  : Sourcing of '/global/software/vitis/Vitis/2021.2/scripts/vitis/util/zynqmp_utils.tcl' is done.
19:10:16 INFO  : Context for 'APU' is selected.
19:10:16 INFO  : System reset is completed.
19:10:19 INFO  : 'after 3000' command is executed.
19:10:19 INFO  : Context for 'RPU' is selected.
19:10:22 INFO  : Cleared RPU and R5 resets
19:10:23 INFO  : Split mode is enabled for R5#1
19:10:23 INFO  : 'targets -set -filter {jtag_cable_name =~ "Xilinx HW-FTDI-TEST FT232H 42382" && level==0 && jtag_device_ctx=="jsn-HW-FTDI-TEST FT232H-42382-14730093-0"}' command is executed.
19:10:36 INFO  : Device configured successfully with "/home/jkl-rpu/workspace_mpsoc_preset/tmr_psled_r5/_ide/bitstream/edt_zcu106_wrapper.bit"
19:10:36 INFO  : Context for 'APU' is selected.
19:10:37 INFO  : Hardware design and registers information is loaded from '/home/jkl-rpu/workspace_mpsoc_preset/edt_zcu106_wrapper/export/edt_zcu106_wrapper/hw/edt_zcu106_wrapper.xsa'.
19:10:37 INFO  : 'configparams force-mem-access 1' command is executed.
19:10:37 INFO  : Context for 'APU' is selected.
19:10:37 INFO  : Boot mode is read from the target.
19:10:37 INFO  : Context for processor 'psu_cortexr5_0' is selected.
19:10:37 INFO  : Processor reset is completed for 'psu_cortexr5_0'.
19:10:38 INFO  : The application '/home/jkl-rpu/workspace_mpsoc_preset/edt_zcu106_wrapper/export/edt_zcu106_wrapper/sw/edt_zcu106_wrapper/boot/fsbl.elf' is downloaded to processor 'psu_cortexr5_0'.
19:10:38 INFO  : 'set bp_10_38_fsbl_bp [bpadd -addr &XFsbl_Exit]' command is executed.
19:10:39 INFO  : 'con -block -timeout 60' command is executed.
19:10:39 INFO  : 'bpremove $bp_10_38_fsbl_bp' command is executed.
19:10:39 INFO  : Context for processor 'psu_cortexr5_0' is selected.
19:10:39 INFO  : Processor reset is completed for 'psu_cortexr5_0'.
19:10:39 INFO  : The application '/home/jkl-rpu/workspace_mpsoc_preset/tmr_psled_r5/Debug/tmr_psled_r5.elf' is downloaded to processor 'psu_cortexr5_0'.
19:10:39 INFO  : 'configparams force-mem-access 0' command is executed.
19:10:39 INFO  : ----------------XSDB Script----------------
connect -path [list tcp::1541 tcp:miob-3.acs-lab.eonerc.rwth-aachen.de:3121]
source /global/software/vitis/Vitis/2021.2/scripts/vitis/util/zynqmp_utils.tcl
targets -set -nocase -filter {name =~"APU*"}
rst -system
after 3000
targets -set -nocase -filter {name =~"RPU*"}
clear_rpu_reset
enable_split_mode
targets -set -filter {jtag_cable_name =~ "Xilinx HW-FTDI-TEST FT232H 42382" && level==0 && jtag_device_ctx=="jsn-HW-FTDI-TEST FT232H-42382-14730093-0"}
fpga -file /home/jkl-rpu/workspace_mpsoc_preset/tmr_psled_r5/_ide/bitstream/edt_zcu106_wrapper.bit
targets -set -nocase -filter {name =~"APU*"}
loadhw -hw /home/jkl-rpu/workspace_mpsoc_preset/edt_zcu106_wrapper/export/edt_zcu106_wrapper/hw/edt_zcu106_wrapper.xsa -mem-ranges [list {0x80000000 0xbfffffff} {0x400000000 0x5ffffffff} {0x1000000000 0x7fffffffff}] -regs
configparams force-mem-access 1
targets -set -nocase -filter {name =~"APU*"}
set mode [expr [mrd -value 0xFF5E0200] & 0xf]
targets -set -nocase -filter {name =~ "*R5*#0"}
rst -processor
dow /home/jkl-rpu/workspace_mpsoc_preset/edt_zcu106_wrapper/export/edt_zcu106_wrapper/sw/edt_zcu106_wrapper/boot/fsbl.elf
set bp_10_38_fsbl_bp [bpadd -addr &XFsbl_Exit]
con -block -timeout 60
bpremove $bp_10_38_fsbl_bp
targets -set -nocase -filter {name =~ "*R5*#0"}
rst -processor
dow /home/jkl-rpu/workspace_mpsoc_preset/tmr_psled_r5/Debug/tmr_psled_r5.elf
configparams force-mem-access 0
----------------End of Script----------------

19:10:39 INFO  : Context for processor 'psu_cortexr5_0' is selected.
19:10:39 INFO  : 'con' command is executed.
19:10:39 INFO  : ----------------XSDB Script (After Launch)----------------
targets -set -nocase -filter {name =~ "*R5*#0"}
con
----------------End of Script----------------

19:10:39 INFO  : Launch script is exported to file '/home/jkl-rpu/workspace_mpsoc_preset/tmr_psled_r5_system/_ide/scripts/debugger_tmr_psled_r5-default.tcl'
19:14:33 INFO  : Disconnected from the channel tcfchan#1.
19:14:34 INFO  : Connected through redirection to target on host 'miob-3.acs-lab.eonerc.rwth-aachen.de' and port '3121'.
19:14:34 INFO  : Jtag cable 'Xilinx HW-FTDI-TEST FT232H 42382' is selected.
19:14:34 INFO  : 'jtag frequency' command is executed.
19:14:34 INFO  : Sourcing of '/global/software/vitis/Vitis/2021.2/scripts/vitis/util/zynqmp_utils.tcl' is done.
19:14:35 INFO  : Context for 'APU' is selected.
19:14:35 INFO  : System reset is completed.
19:14:38 INFO  : 'after 3000' command is executed.
19:14:38 INFO  : Context for 'RPU' is selected.
19:14:41 INFO  : Cleared RPU and R5 resets
19:14:41 INFO  : Split mode is enabled for R5#1
19:14:42 INFO  : 'targets -set -filter {jtag_cable_name =~ "Xilinx HW-FTDI-TEST FT232H 42382" && level==0 && jtag_device_ctx=="jsn-HW-FTDI-TEST FT232H-42382-14730093-0"}' command is executed.
19:14:55 INFO  : Device configured successfully with "/home/jkl-rpu/workspace_mpsoc_preset/tmr_psled_r5/_ide/bitstream/edt_zcu106_wrapper.bit"
19:14:55 INFO  : Context for 'APU' is selected.
19:15:02 INFO  : Hardware design and registers information is loaded from '/home/jkl-rpu/workspace_mpsoc_preset/edt_zcu106_wrapper/export/edt_zcu106_wrapper/hw/edt_zcu106_wrapper.xsa'.
19:15:02 INFO  : 'configparams force-mem-access 1' command is executed.
19:15:02 INFO  : Context for 'APU' is selected.
19:15:02 INFO  : Boot mode is read from the target.
19:15:02 INFO  : Context for processor 'psu_cortexr5_0' is selected.
19:15:02 INFO  : Processor reset is completed for 'psu_cortexr5_0'.
19:15:02 INFO  : The application '/home/jkl-rpu/workspace_mpsoc_preset/edt_zcu106_wrapper/export/edt_zcu106_wrapper/sw/edt_zcu106_wrapper/boot/fsbl.elf' is downloaded to processor 'psu_cortexr5_0'.
19:15:02 INFO  : 'set bp_15_2_fsbl_bp [bpadd -addr &XFsbl_Exit]' command is executed.
19:15:03 INFO  : 'con -block -timeout 60' command is executed.
19:15:03 INFO  : 'bpremove $bp_15_2_fsbl_bp' command is executed.
19:15:03 INFO  : Context for processor 'psu_cortexr5_0' is selected.
19:15:04 INFO  : Processor reset is completed for 'psu_cortexr5_0'.
19:15:04 INFO  : The application '/home/jkl-rpu/workspace_mpsoc_preset/tmr_psled_r5/Debug/tmr_psled_r5.elf' is downloaded to processor 'psu_cortexr5_0'.
19:15:04 INFO  : 'configparams force-mem-access 0' command is executed.
19:15:04 INFO  : ----------------XSDB Script----------------
connect -path [list tcp::1541 tcp:miob-3.acs-lab.eonerc.rwth-aachen.de:3121]
source /global/software/vitis/Vitis/2021.2/scripts/vitis/util/zynqmp_utils.tcl
targets -set -nocase -filter {name =~"APU*"}
rst -system
after 3000
targets -set -nocase -filter {name =~"RPU*"}
clear_rpu_reset
enable_split_mode
targets -set -filter {jtag_cable_name =~ "Xilinx HW-FTDI-TEST FT232H 42382" && level==0 && jtag_device_ctx=="jsn-HW-FTDI-TEST FT232H-42382-14730093-0"}
fpga -file /home/jkl-rpu/workspace_mpsoc_preset/tmr_psled_r5/_ide/bitstream/edt_zcu106_wrapper.bit
targets -set -nocase -filter {name =~"APU*"}
loadhw -hw /home/jkl-rpu/workspace_mpsoc_preset/edt_zcu106_wrapper/export/edt_zcu106_wrapper/hw/edt_zcu106_wrapper.xsa -mem-ranges [list {0x80000000 0xbfffffff} {0x400000000 0x5ffffffff} {0x1000000000 0x7fffffffff}] -regs
configparams force-mem-access 1
targets -set -nocase -filter {name =~"APU*"}
set mode [expr [mrd -value 0xFF5E0200] & 0xf]
targets -set -nocase -filter {name =~ "*R5*#0"}
rst -processor
dow /home/jkl-rpu/workspace_mpsoc_preset/edt_zcu106_wrapper/export/edt_zcu106_wrapper/sw/edt_zcu106_wrapper/boot/fsbl.elf
set bp_15_2_fsbl_bp [bpadd -addr &XFsbl_Exit]
con -block -timeout 60
bpremove $bp_15_2_fsbl_bp
targets -set -nocase -filter {name =~ "*R5*#0"}
rst -processor
dow /home/jkl-rpu/workspace_mpsoc_preset/tmr_psled_r5/Debug/tmr_psled_r5.elf
configparams force-mem-access 0
----------------End of Script----------------

19:15:04 INFO  : Context for processor 'psu_cortexr5_0' is selected.
19:15:04 INFO  : 'con' command is executed.
19:15:04 INFO  : ----------------XSDB Script (After Launch)----------------
targets -set -nocase -filter {name =~ "*R5*#0"}
con
----------------End of Script----------------

19:15:04 INFO  : Launch script is exported to file '/home/jkl-rpu/workspace_mpsoc_preset/tmr_psled_r5_system/_ide/scripts/debugger_tmr_psled_r5-default.tcl'
19:18:00 INFO  : Disconnected from the channel tcfchan#2.
19:18:01 INFO  : Connected through redirection to target on host 'miob-3.acs-lab.eonerc.rwth-aachen.de' and port '3121'.
19:18:01 INFO  : Jtag cable 'Xilinx HW-FTDI-TEST FT232H 42382' is selected.
19:18:01 INFO  : 'jtag frequency' command is executed.
19:18:01 INFO  : Sourcing of '/global/software/vitis/Vitis/2021.2/scripts/vitis/util/zynqmp_utils.tcl' is done.
19:18:01 INFO  : Context for 'APU' is selected.
19:18:02 INFO  : System reset is completed.
19:18:05 INFO  : 'after 3000' command is executed.
19:18:05 INFO  : Context for 'RPU' is selected.
19:18:08 INFO  : Cleared RPU and R5 resets
19:18:08 INFO  : Split mode is enabled for R5#1
19:18:08 INFO  : 'targets -set -filter {jtag_cable_name =~ "Xilinx HW-FTDI-TEST FT232H 42382" && level==0 && jtag_device_ctx=="jsn-HW-FTDI-TEST FT232H-42382-14730093-0"}' command is executed.
19:18:21 INFO  : Device configured successfully with "/home/jkl-rpu/workspace_mpsoc_preset/tmr_psled_r5/_ide/bitstream/edt_zcu106_wrapper.bit"
19:18:22 INFO  : Context for 'APU' is selected.
19:18:28 INFO  : Hardware design and registers information is loaded from '/home/jkl-rpu/workspace_mpsoc_preset/edt_zcu106_wrapper/export/edt_zcu106_wrapper/hw/edt_zcu106_wrapper.xsa'.
19:18:28 INFO  : 'configparams force-mem-access 1' command is executed.
19:18:28 INFO  : Context for 'APU' is selected.
19:18:28 INFO  : Boot mode is read from the target.
19:18:28 INFO  : Context for processor 'psu_cortexr5_0' is selected.
19:18:28 INFO  : Processor reset is completed for 'psu_cortexr5_0'.
19:18:28 INFO  : The application '/home/jkl-rpu/workspace_mpsoc_preset/edt_zcu106_wrapper/export/edt_zcu106_wrapper/sw/edt_zcu106_wrapper/boot/fsbl.elf' is downloaded to processor 'psu_cortexr5_0'.
19:18:28 INFO  : 'set bp_18_28_fsbl_bp [bpadd -addr &XFsbl_Exit]' command is executed.
19:18:29 INFO  : 'con -block -timeout 60' command is executed.
19:18:29 INFO  : 'bpremove $bp_18_28_fsbl_bp' command is executed.
19:18:29 INFO  : Context for processor 'psu_cortexr5_0' is selected.
19:18:30 INFO  : Processor reset is completed for 'psu_cortexr5_0'.
19:18:30 INFO  : The application '/home/jkl-rpu/workspace_mpsoc_preset/tmr_psled_r5/Debug/tmr_psled_r5.elf' is downloaded to processor 'psu_cortexr5_0'.
19:18:30 INFO  : 'configparams force-mem-access 0' command is executed.
19:18:30 INFO  : ----------------XSDB Script----------------
connect -path [list tcp::1541 tcp:miob-3.acs-lab.eonerc.rwth-aachen.de:3121]
source /global/software/vitis/Vitis/2021.2/scripts/vitis/util/zynqmp_utils.tcl
targets -set -nocase -filter {name =~"APU*"}
rst -system
after 3000
targets -set -nocase -filter {name =~"RPU*"}
clear_rpu_reset
enable_split_mode
targets -set -filter {jtag_cable_name =~ "Xilinx HW-FTDI-TEST FT232H 42382" && level==0 && jtag_device_ctx=="jsn-HW-FTDI-TEST FT232H-42382-14730093-0"}
fpga -file /home/jkl-rpu/workspace_mpsoc_preset/tmr_psled_r5/_ide/bitstream/edt_zcu106_wrapper.bit
targets -set -nocase -filter {name =~"APU*"}
loadhw -hw /home/jkl-rpu/workspace_mpsoc_preset/edt_zcu106_wrapper/export/edt_zcu106_wrapper/hw/edt_zcu106_wrapper.xsa -mem-ranges [list {0x80000000 0xbfffffff} {0x400000000 0x5ffffffff} {0x1000000000 0x7fffffffff}] -regs
configparams force-mem-access 1
targets -set -nocase -filter {name =~"APU*"}
set mode [expr [mrd -value 0xFF5E0200] & 0xf]
targets -set -nocase -filter {name =~ "*R5*#0"}
rst -processor
dow /home/jkl-rpu/workspace_mpsoc_preset/edt_zcu106_wrapper/export/edt_zcu106_wrapper/sw/edt_zcu106_wrapper/boot/fsbl.elf
set bp_18_28_fsbl_bp [bpadd -addr &XFsbl_Exit]
con -block -timeout 60
bpremove $bp_18_28_fsbl_bp
targets -set -nocase -filter {name =~ "*R5*#0"}
rst -processor
dow /home/jkl-rpu/workspace_mpsoc_preset/tmr_psled_r5/Debug/tmr_psled_r5.elf
configparams force-mem-access 0
----------------End of Script----------------

19:18:30 INFO  : Context for processor 'psu_cortexr5_0' is selected.
19:18:30 INFO  : 'con' command is executed.
19:18:30 INFO  : ----------------XSDB Script (After Launch)----------------
targets -set -nocase -filter {name =~ "*R5*#0"}
con
----------------End of Script----------------

19:18:30 INFO  : Launch script is exported to file '/home/jkl-rpu/workspace_mpsoc_preset/tmr_psled_r5_system/_ide/scripts/debugger_tmr_psled_r5-default.tcl'
19:23:07 INFO  : Disconnected from the channel tcfchan#3.
19:23:08 INFO  : Connected through redirection to target on host 'miob-3.acs-lab.eonerc.rwth-aachen.de' and port '3121'.
19:23:08 INFO  : Jtag cable 'Xilinx HW-FTDI-TEST FT232H 42382' is selected.
19:23:08 INFO  : 'jtag frequency' command is executed.
19:23:08 INFO  : Sourcing of '/global/software/vitis/Vitis/2021.2/scripts/vitis/util/zynqmp_utils.tcl' is done.
19:23:08 INFO  : Context for 'APU' is selected.
19:23:09 INFO  : System reset is completed.
19:23:12 INFO  : 'after 3000' command is executed.
19:23:12 INFO  : Context for 'RPU' is selected.
19:23:15 INFO  : Cleared RPU and R5 resets
19:23:15 INFO  : Split mode is enabled for R5#1
19:23:15 INFO  : 'targets -set -filter {jtag_cable_name =~ "Xilinx HW-FTDI-TEST FT232H 42382" && level==0 && jtag_device_ctx=="jsn-HW-FTDI-TEST FT232H-42382-14730093-0"}' command is executed.
19:23:29 INFO  : Device configured successfully with "/home/jkl-rpu/workspace_mpsoc_preset/tmr_psled_r5/_ide/bitstream/edt_zcu106_wrapper.bit"
19:23:29 INFO  : Context for 'APU' is selected.
19:23:36 INFO  : Hardware design and registers information is loaded from '/home/jkl-rpu/workspace_mpsoc_preset/edt_zcu106_wrapper/export/edt_zcu106_wrapper/hw/edt_zcu106_wrapper.xsa'.
19:23:36 INFO  : 'configparams force-mem-access 1' command is executed.
19:23:36 INFO  : Context for 'APU' is selected.
19:23:36 INFO  : Boot mode is read from the target.
19:23:36 INFO  : Context for processor 'psu_cortexr5_0' is selected.
19:23:36 INFO  : Processor reset is completed for 'psu_cortexr5_0'.
19:23:36 INFO  : The application '/home/jkl-rpu/workspace_mpsoc_preset/edt_zcu106_wrapper/export/edt_zcu106_wrapper/sw/edt_zcu106_wrapper/boot/fsbl.elf' is downloaded to processor 'psu_cortexr5_0'.
19:23:36 INFO  : 'set bp_23_36_fsbl_bp [bpadd -addr &XFsbl_Exit]' command is executed.
19:23:38 INFO  : 'con -block -timeout 60' command is executed.
19:23:38 INFO  : 'bpremove $bp_23_36_fsbl_bp' command is executed.
19:23:38 INFO  : Context for processor 'psu_cortexr5_0' is selected.
19:23:38 INFO  : Processor reset is completed for 'psu_cortexr5_0'.
19:23:38 INFO  : The application '/home/jkl-rpu/workspace_mpsoc_preset/tmr_psled_r5/Debug/tmr_psled_r5.elf' is downloaded to processor 'psu_cortexr5_0'.
19:23:38 INFO  : 'configparams force-mem-access 0' command is executed.
19:23:38 INFO  : ----------------XSDB Script----------------
connect -path [list tcp::1541 tcp:miob-3.acs-lab.eonerc.rwth-aachen.de:3121]
source /global/software/vitis/Vitis/2021.2/scripts/vitis/util/zynqmp_utils.tcl
targets -set -nocase -filter {name =~"APU*"}
rst -system
after 3000
targets -set -nocase -filter {name =~"RPU*"}
clear_rpu_reset
enable_split_mode
targets -set -filter {jtag_cable_name =~ "Xilinx HW-FTDI-TEST FT232H 42382" && level==0 && jtag_device_ctx=="jsn-HW-FTDI-TEST FT232H-42382-14730093-0"}
fpga -file /home/jkl-rpu/workspace_mpsoc_preset/tmr_psled_r5/_ide/bitstream/edt_zcu106_wrapper.bit
targets -set -nocase -filter {name =~"APU*"}
loadhw -hw /home/jkl-rpu/workspace_mpsoc_preset/edt_zcu106_wrapper/export/edt_zcu106_wrapper/hw/edt_zcu106_wrapper.xsa -mem-ranges [list {0x80000000 0xbfffffff} {0x400000000 0x5ffffffff} {0x1000000000 0x7fffffffff}] -regs
configparams force-mem-access 1
targets -set -nocase -filter {name =~"APU*"}
set mode [expr [mrd -value 0xFF5E0200] & 0xf]
targets -set -nocase -filter {name =~ "*R5*#0"}
rst -processor
dow /home/jkl-rpu/workspace_mpsoc_preset/edt_zcu106_wrapper/export/edt_zcu106_wrapper/sw/edt_zcu106_wrapper/boot/fsbl.elf
set bp_23_36_fsbl_bp [bpadd -addr &XFsbl_Exit]
con -block -timeout 60
bpremove $bp_23_36_fsbl_bp
targets -set -nocase -filter {name =~ "*R5*#0"}
rst -processor
dow /home/jkl-rpu/workspace_mpsoc_preset/tmr_psled_r5/Debug/tmr_psled_r5.elf
configparams force-mem-access 0
----------------End of Script----------------

19:23:38 INFO  : Context for processor 'psu_cortexr5_0' is selected.
19:23:38 INFO  : 'con' command is executed.
19:23:38 INFO  : ----------------XSDB Script (After Launch)----------------
targets -set -nocase -filter {name =~ "*R5*#0"}
con
----------------End of Script----------------

19:23:38 INFO  : Launch script is exported to file '/home/jkl-rpu/workspace_mpsoc_preset/tmr_psled_r5_system/_ide/scripts/debugger_tmr_psled_r5-default.tcl'
19:34:49 INFO  : Disconnected from the channel tcfchan#4.
13:13:02 INFO  : Launching XSCT server: xsct -n  -interactive /home/jkl-rpu/workspace_mpsoc_preset/temp_xsdb_launch_script.tcl
13:13:03 INFO  : Platform repository initialization has completed.
13:13:04 INFO  : Registering command handlers for Vitis TCF services
13:13:05 INFO  : XSCT server has started successfully.
13:13:05 INFO  : Successfully done setting XSCT server connection channel  
13:13:05 INFO  : plnx-install-location is set to ''
13:13:06 INFO  : Successfully done setting workspace for the tool. 
13:13:06 INFO  : Successfully done query RDI_DATADIR 
16:26:59 INFO  : Launching XSCT server: xsct -n  -interactive /home/jkl-rpu/workspace_mpsoc_preset/temp_xsdb_launch_script.tcl
16:27:01 INFO  : Platform repository initialization has completed.
16:27:01 INFO  : Registering command handlers for Vitis TCF services
16:27:02 INFO  : XSCT server has started successfully.
16:27:02 INFO  : Successfully done setting XSCT server connection channel  
16:27:03 INFO  : plnx-install-location is set to ''
16:27:03 INFO  : Successfully done setting workspace for the tool. 
16:27:03 INFO  : Successfully done query RDI_DATADIR 
16:43:33 INFO  : Result from executing command 'removePlatformRepo': 
16:44:29 INFO  : Result from executing command 'getProjects': edt_zcu106_wrapper
16:44:29 INFO  : Result from executing command 'getPlatforms': 
17:14:47 INFO  : Connected through redirection to target on host 'miob-3.acs-lab.eonerc.rwth-aachen.de' and port '3121'.
17:14:47 INFO  : Jtag cable 'Xilinx HW-FTDI-TEST FT232H 42382' is selected.
17:14:47 INFO  : 'jtag frequency' command is executed.
17:14:47 INFO  : Sourcing of '/global/software/vitis/Vitis/2021.2/scripts/vitis/util/zynqmp_utils.tcl' is done.
17:14:48 INFO  : Context for 'APU' is selected.
17:14:48 INFO  : System reset is completed.
17:14:51 INFO  : 'after 3000' command is executed.
17:14:51 INFO  : Context for 'RPU' is selected.
17:14:54 INFO  : Cleared RPU and R5 resets
17:14:55 INFO  : Split mode is enabled for R5#1
17:14:55 INFO  : 'targets -set -filter {jtag_cable_name =~ "Xilinx HW-FTDI-TEST FT232H 42382" && level==0 && jtag_device_ctx=="jsn-HW-FTDI-TEST FT232H-42382-14730093-0"}' command is executed.
17:15:08 INFO  : Device configured successfully with "/home/jkl-rpu/workspace_mpsoc_preset/tmr_psled_r5/_ide/bitstream/edt_zcu106_wrapper.bit"
17:15:09 INFO  : Context for 'APU' is selected.
17:15:09 INFO  : Hardware design and registers information is loaded from '/home/jkl-rpu/workspace_mpsoc_preset/edt_zcu106_wrapper/export/edt_zcu106_wrapper/hw/edt_zcu106_wrapper.xsa'.
17:15:09 INFO  : 'configparams force-mem-access 1' command is executed.
17:15:09 INFO  : Context for 'APU' is selected.
17:15:09 INFO  : Boot mode is read from the target.
17:15:09 INFO  : Context for processor 'psu_cortexr5_0' is selected.
17:15:09 INFO  : Processor reset is completed for 'psu_cortexr5_0'.
17:15:10 INFO  : The application '/home/jkl-rpu/workspace_mpsoc_preset/edt_zcu106_wrapper/export/edt_zcu106_wrapper/sw/edt_zcu106_wrapper/boot/fsbl.elf' is downloaded to processor 'psu_cortexr5_0'.
17:15:10 INFO  : 'set bp_15_10_fsbl_bp [bpadd -addr &XFsbl_Exit]' command is executed.
17:15:11 INFO  : 'con -block -timeout 60' command is executed.
17:15:11 INFO  : 'bpremove $bp_15_10_fsbl_bp' command is executed.
17:15:11 INFO  : Context for processor 'psu_cortexr5_0' is selected.
17:15:12 INFO  : Processor reset is completed for 'psu_cortexr5_0'.
17:15:12 INFO  : The application '/home/jkl-rpu/workspace_mpsoc_preset/tmr_psled_r5/Debug/tmr_psled_r5.elf' is downloaded to processor 'psu_cortexr5_0'.
17:15:12 INFO  : 'configparams force-mem-access 0' command is executed.
17:15:12 INFO  : ----------------XSDB Script----------------
connect -path [list tcp::1548 tcp:miob-3.acs-lab.eonerc.rwth-aachen.de:3121]
source /global/software/vitis/Vitis/2021.2/scripts/vitis/util/zynqmp_utils.tcl
targets -set -nocase -filter {name =~"APU*"}
rst -system
after 3000
targets -set -nocase -filter {name =~"RPU*"}
clear_rpu_reset
enable_split_mode
targets -set -filter {jtag_cable_name =~ "Xilinx HW-FTDI-TEST FT232H 42382" && level==0 && jtag_device_ctx=="jsn-HW-FTDI-TEST FT232H-42382-14730093-0"}
fpga -file /home/jkl-rpu/workspace_mpsoc_preset/tmr_psled_r5/_ide/bitstream/edt_zcu106_wrapper.bit
targets -set -nocase -filter {name =~"APU*"}
loadhw -hw /home/jkl-rpu/workspace_mpsoc_preset/edt_zcu106_wrapper/export/edt_zcu106_wrapper/hw/edt_zcu106_wrapper.xsa -mem-ranges [list {0x80000000 0xbfffffff} {0x400000000 0x5ffffffff} {0x1000000000 0x7fffffffff}] -regs
configparams force-mem-access 1
targets -set -nocase -filter {name =~"APU*"}
set mode [expr [mrd -value 0xFF5E0200] & 0xf]
targets -set -nocase -filter {name =~ "*R5*#0"}
rst -processor
dow /home/jkl-rpu/workspace_mpsoc_preset/edt_zcu106_wrapper/export/edt_zcu106_wrapper/sw/edt_zcu106_wrapper/boot/fsbl.elf
set bp_15_10_fsbl_bp [bpadd -addr &XFsbl_Exit]
con -block -timeout 60
bpremove $bp_15_10_fsbl_bp
targets -set -nocase -filter {name =~ "*R5*#0"}
rst -processor
dow /home/jkl-rpu/workspace_mpsoc_preset/tmr_psled_r5/Debug/tmr_psled_r5.elf
configparams force-mem-access 0
----------------End of Script----------------

17:15:12 INFO  : Context for processor 'psu_cortexr5_0' is selected.
17:15:12 INFO  : 'con' command is executed.
17:15:12 INFO  : ----------------XSDB Script (After Launch)----------------
targets -set -nocase -filter {name =~ "*R5*#0"}
con
----------------End of Script----------------

17:15:12 INFO  : Launch script is exported to file '/home/jkl-rpu/workspace_mpsoc_preset/tmr_psled_r5_system/_ide/scripts/debugger_tmr_psled_r5-default.tcl'
17:18:10 INFO  : Disconnected from the channel tcfchan#3.
17:18:11 INFO  : Connected through redirection to target on host 'miob-3.acs-lab.eonerc.rwth-aachen.de' and port '3121'.
17:18:11 INFO  : Jtag cable 'Xilinx HW-FTDI-TEST FT232H 42382' is selected.
17:18:11 INFO  : 'jtag frequency' command is executed.
17:18:11 INFO  : Sourcing of '/global/software/vitis/Vitis/2021.2/scripts/vitis/util/zynqmp_utils.tcl' is done.
17:18:12 INFO  : Context for 'APU' is selected.
17:18:12 INFO  : System reset is completed.
17:18:15 INFO  : 'after 3000' command is executed.
17:18:15 INFO  : Context for 'RPU' is selected.
17:18:18 INFO  : Cleared RPU and R5 resets
17:18:18 INFO  : Split mode is enabled for R5#1
17:18:18 INFO  : 'targets -set -filter {jtag_cable_name =~ "Xilinx HW-FTDI-TEST FT232H 42382" && level==0 && jtag_device_ctx=="jsn-HW-FTDI-TEST FT232H-42382-14730093-0"}' command is executed.
17:18:32 INFO  : Device configured successfully with "/home/jkl-rpu/workspace_mpsoc_preset/tmr_psled_r5/_ide/bitstream/edt_zcu106_wrapper.bit"
17:18:32 INFO  : Context for 'APU' is selected.
17:18:33 INFO  : Hardware design and registers information is loaded from '/home/jkl-rpu/workspace_mpsoc_preset/edt_zcu106_wrapper/export/edt_zcu106_wrapper/hw/edt_zcu106_wrapper.xsa'.
17:18:33 INFO  : 'configparams force-mem-access 1' command is executed.
17:18:33 INFO  : Context for 'APU' is selected.
17:18:33 INFO  : Boot mode is read from the target.
17:18:33 INFO  : Context for processor 'psu_cortexr5_0' is selected.
17:18:33 INFO  : Processor reset is completed for 'psu_cortexr5_0'.
17:18:33 INFO  : The application '/home/jkl-rpu/workspace_mpsoc_preset/edt_zcu106_wrapper/export/edt_zcu106_wrapper/sw/edt_zcu106_wrapper/boot/fsbl.elf' is downloaded to processor 'psu_cortexr5_0'.
17:18:33 INFO  : 'set bp_18_33_fsbl_bp [bpadd -addr &XFsbl_Exit]' command is executed.
17:18:34 INFO  : 'con -block -timeout 60' command is executed.
17:18:34 INFO  : 'bpremove $bp_18_33_fsbl_bp' command is executed.
17:18:34 INFO  : Context for processor 'psu_cortexr5_0' is selected.
17:18:35 INFO  : Processor reset is completed for 'psu_cortexr5_0'.
17:18:35 INFO  : The application '/home/jkl-rpu/workspace_mpsoc_preset/tmr_psled_r5/Debug/tmr_psled_r5.elf' is downloaded to processor 'psu_cortexr5_0'.
17:18:35 INFO  : 'configparams force-mem-access 0' command is executed.
17:18:35 INFO  : ----------------XSDB Script----------------
connect -path [list tcp::1548 tcp:miob-3.acs-lab.eonerc.rwth-aachen.de:3121]
source /global/software/vitis/Vitis/2021.2/scripts/vitis/util/zynqmp_utils.tcl
targets -set -nocase -filter {name =~"APU*"}
rst -system
after 3000
targets -set -nocase -filter {name =~"RPU*"}
clear_rpu_reset
enable_split_mode
targets -set -filter {jtag_cable_name =~ "Xilinx HW-FTDI-TEST FT232H 42382" && level==0 && jtag_device_ctx=="jsn-HW-FTDI-TEST FT232H-42382-14730093-0"}
fpga -file /home/jkl-rpu/workspace_mpsoc_preset/tmr_psled_r5/_ide/bitstream/edt_zcu106_wrapper.bit
targets -set -nocase -filter {name =~"APU*"}
loadhw -hw /home/jkl-rpu/workspace_mpsoc_preset/edt_zcu106_wrapper/export/edt_zcu106_wrapper/hw/edt_zcu106_wrapper.xsa -mem-ranges [list {0x80000000 0xbfffffff} {0x400000000 0x5ffffffff} {0x1000000000 0x7fffffffff}] -regs
configparams force-mem-access 1
targets -set -nocase -filter {name =~"APU*"}
set mode [expr [mrd -value 0xFF5E0200] & 0xf]
targets -set -nocase -filter {name =~ "*R5*#0"}
rst -processor
dow /home/jkl-rpu/workspace_mpsoc_preset/edt_zcu106_wrapper/export/edt_zcu106_wrapper/sw/edt_zcu106_wrapper/boot/fsbl.elf
set bp_18_33_fsbl_bp [bpadd -addr &XFsbl_Exit]
con -block -timeout 60
bpremove $bp_18_33_fsbl_bp
targets -set -nocase -filter {name =~ "*R5*#0"}
rst -processor
dow /home/jkl-rpu/workspace_mpsoc_preset/tmr_psled_r5/Debug/tmr_psled_r5.elf
configparams force-mem-access 0
----------------End of Script----------------

17:18:35 INFO  : Context for processor 'psu_cortexr5_0' is selected.
17:18:35 INFO  : 'con' command is executed.
17:18:35 INFO  : ----------------XSDB Script (After Launch)----------------
targets -set -nocase -filter {name =~ "*R5*#0"}
con
----------------End of Script----------------

17:18:35 INFO  : Launch script is exported to file '/home/jkl-rpu/workspace_mpsoc_preset/tmr_psled_r5_system/_ide/scripts/debugger_tmr_psled_r5-default.tcl'
17:33:59 INFO  : Disconnected from the channel tcfchan#4.
17:34:00 INFO  : Connected through redirection to target on host 'miob-3.acs-lab.eonerc.rwth-aachen.de' and port '3121'.
17:34:00 INFO  : Jtag cable 'Xilinx HW-FTDI-TEST FT232H 42382' is selected.
17:34:00 INFO  : 'jtag frequency' command is executed.
17:34:00 INFO  : Sourcing of '/global/software/vitis/Vitis/2021.2/scripts/vitis/util/zynqmp_utils.tcl' is done.
17:34:00 INFO  : Context for 'APU' is selected.
17:34:01 INFO  : System reset is completed.
17:34:04 INFO  : 'after 3000' command is executed.
17:34:04 INFO  : Context for 'RPU' is selected.
17:34:07 INFO  : Cleared RPU and R5 resets
17:34:07 INFO  : Split mode is enabled for R5#1
17:34:07 INFO  : 'targets -set -filter {jtag_cable_name =~ "Xilinx HW-FTDI-TEST FT232H 42382" && level==0 && jtag_device_ctx=="jsn-HW-FTDI-TEST FT232H-42382-14730093-0"}' command is executed.
17:34:21 INFO  : Device configured successfully with "/home/jkl-rpu/workspace_mpsoc_preset/tmr_psled_r5/_ide/bitstream/edt_zcu106_wrapper.bit"
17:34:21 INFO  : Context for 'APU' is selected.
17:34:21 INFO  : Hardware design and registers information is loaded from '/home/jkl-rpu/workspace_mpsoc_preset/edt_zcu106_wrapper/export/edt_zcu106_wrapper/hw/edt_zcu106_wrapper.xsa'.
17:34:21 INFO  : 'configparams force-mem-access 1' command is executed.
17:34:22 INFO  : Context for 'APU' is selected.
17:34:22 INFO  : Boot mode is read from the target.
17:34:22 INFO  : Context for processor 'psu_cortexr5_0' is selected.
17:34:22 INFO  : Processor reset is completed for 'psu_cortexr5_0'.
17:34:22 INFO  : The application '/home/jkl-rpu/workspace_mpsoc_preset/edt_zcu106_wrapper/export/edt_zcu106_wrapper/sw/edt_zcu106_wrapper/boot/fsbl.elf' is downloaded to processor 'psu_cortexr5_0'.
17:34:22 INFO  : 'set bp_34_22_fsbl_bp [bpadd -addr &XFsbl_Exit]' command is executed.
17:34:23 INFO  : 'con -block -timeout 60' command is executed.
17:34:23 INFO  : 'bpremove $bp_34_22_fsbl_bp' command is executed.
17:34:23 INFO  : Context for processor 'psu_cortexr5_0' is selected.
17:34:24 INFO  : Processor reset is completed for 'psu_cortexr5_0'.
17:34:24 INFO  : The application '/home/jkl-rpu/workspace_mpsoc_preset/tmr_psled_r5/Debug/tmr_psled_r5.elf' is downloaded to processor 'psu_cortexr5_0'.
17:34:24 INFO  : 'configparams force-mem-access 0' command is executed.
17:34:24 INFO  : ----------------XSDB Script----------------
connect -path [list tcp::1548 tcp:miob-3.acs-lab.eonerc.rwth-aachen.de:3121]
source /global/software/vitis/Vitis/2021.2/scripts/vitis/util/zynqmp_utils.tcl
targets -set -nocase -filter {name =~"APU*"}
rst -system
after 3000
targets -set -nocase -filter {name =~"RPU*"}
clear_rpu_reset
enable_split_mode
targets -set -filter {jtag_cable_name =~ "Xilinx HW-FTDI-TEST FT232H 42382" && level==0 && jtag_device_ctx=="jsn-HW-FTDI-TEST FT232H-42382-14730093-0"}
fpga -file /home/jkl-rpu/workspace_mpsoc_preset/tmr_psled_r5/_ide/bitstream/edt_zcu106_wrapper.bit
targets -set -nocase -filter {name =~"APU*"}
loadhw -hw /home/jkl-rpu/workspace_mpsoc_preset/edt_zcu106_wrapper/export/edt_zcu106_wrapper/hw/edt_zcu106_wrapper.xsa -mem-ranges [list {0x80000000 0xbfffffff} {0x400000000 0x5ffffffff} {0x1000000000 0x7fffffffff}] -regs
configparams force-mem-access 1
targets -set -nocase -filter {name =~"APU*"}
set mode [expr [mrd -value 0xFF5E0200] & 0xf]
targets -set -nocase -filter {name =~ "*R5*#0"}
rst -processor
dow /home/jkl-rpu/workspace_mpsoc_preset/edt_zcu106_wrapper/export/edt_zcu106_wrapper/sw/edt_zcu106_wrapper/boot/fsbl.elf
set bp_34_22_fsbl_bp [bpadd -addr &XFsbl_Exit]
con -block -timeout 60
bpremove $bp_34_22_fsbl_bp
targets -set -nocase -filter {name =~ "*R5*#0"}
rst -processor
dow /home/jkl-rpu/workspace_mpsoc_preset/tmr_psled_r5/Debug/tmr_psled_r5.elf
configparams force-mem-access 0
----------------End of Script----------------

17:34:24 INFO  : Context for processor 'psu_cortexr5_0' is selected.
17:34:24 INFO  : 'con' command is executed.
17:34:24 INFO  : ----------------XSDB Script (After Launch)----------------
targets -set -nocase -filter {name =~ "*R5*#0"}
con
----------------End of Script----------------

17:34:24 INFO  : Launch script is exported to file '/home/jkl-rpu/workspace_mpsoc_preset/tmr_psled_r5_system/_ide/scripts/debugger_tmr_psled_r5-default.tcl'
17:35:52 INFO  : Disconnected from the channel tcfchan#5.
17:35:53 INFO  : Connected through redirection to target on host 'miob-3.acs-lab.eonerc.rwth-aachen.de' and port '3121'.
17:35:53 INFO  : Jtag cable 'Xilinx HW-FTDI-TEST FT232H 42382' is selected.
17:35:53 INFO  : 'jtag frequency' command is executed.
17:35:53 INFO  : Sourcing of '/global/software/vitis/Vitis/2021.2/scripts/vitis/util/zynqmp_utils.tcl' is done.
17:35:53 INFO  : Context for 'APU' is selected.
17:35:54 INFO  : System reset is completed.
17:35:57 INFO  : 'after 3000' command is executed.
17:35:57 INFO  : Context for 'RPU' is selected.
17:36:00 INFO  : Cleared RPU and R5 resets
17:36:00 INFO  : Split mode is enabled for R5#1
17:36:00 INFO  : 'targets -set -filter {jtag_cable_name =~ "Xilinx HW-FTDI-TEST FT232H 42382" && level==0 && jtag_device_ctx=="jsn-HW-FTDI-TEST FT232H-42382-14730093-0"}' command is executed.
17:36:14 INFO  : Device configured successfully with "/home/jkl-rpu/workspace_mpsoc_preset/tmr_psled_r5/_ide/bitstream/edt_zcu106_wrapper.bit"
17:36:14 INFO  : Context for 'APU' is selected.
17:36:14 INFO  : Hardware design and registers information is loaded from '/home/jkl-rpu/workspace_mpsoc_preset/edt_zcu106_wrapper/export/edt_zcu106_wrapper/hw/edt_zcu106_wrapper.xsa'.
17:36:14 INFO  : 'configparams force-mem-access 1' command is executed.
17:36:14 INFO  : Context for 'APU' is selected.
17:36:14 INFO  : Boot mode is read from the target.
17:36:14 INFO  : Context for processor 'psu_cortexr5_0' is selected.
17:36:14 INFO  : Processor reset is completed for 'psu_cortexr5_0'.
17:36:15 INFO  : The application '/home/jkl-rpu/workspace_mpsoc_preset/edt_zcu106_wrapper/export/edt_zcu106_wrapper/sw/edt_zcu106_wrapper/boot/fsbl.elf' is downloaded to processor 'psu_cortexr5_0'.
17:36:15 INFO  : 'set bp_36_15_fsbl_bp [bpadd -addr &XFsbl_Exit]' command is executed.
17:36:16 INFO  : 'con -block -timeout 60' command is executed.
17:36:16 INFO  : 'bpremove $bp_36_15_fsbl_bp' command is executed.
17:36:16 INFO  : Context for processor 'psu_cortexr5_0' is selected.
17:36:16 INFO  : Processor reset is completed for 'psu_cortexr5_0'.
17:36:16 INFO  : The application '/home/jkl-rpu/workspace_mpsoc_preset/tmr_psled_r5/Debug/tmr_psled_r5.elf' is downloaded to processor 'psu_cortexr5_0'.
17:36:16 INFO  : 'configparams force-mem-access 0' command is executed.
17:36:16 INFO  : ----------------XSDB Script----------------
connect -path [list tcp::1548 tcp:miob-3.acs-lab.eonerc.rwth-aachen.de:3121]
source /global/software/vitis/Vitis/2021.2/scripts/vitis/util/zynqmp_utils.tcl
targets -set -nocase -filter {name =~"APU*"}
rst -system
after 3000
targets -set -nocase -filter {name =~"RPU*"}
clear_rpu_reset
enable_split_mode
targets -set -filter {jtag_cable_name =~ "Xilinx HW-FTDI-TEST FT232H 42382" && level==0 && jtag_device_ctx=="jsn-HW-FTDI-TEST FT232H-42382-14730093-0"}
fpga -file /home/jkl-rpu/workspace_mpsoc_preset/tmr_psled_r5/_ide/bitstream/edt_zcu106_wrapper.bit
targets -set -nocase -filter {name =~"APU*"}
loadhw -hw /home/jkl-rpu/workspace_mpsoc_preset/edt_zcu106_wrapper/export/edt_zcu106_wrapper/hw/edt_zcu106_wrapper.xsa -mem-ranges [list {0x80000000 0xbfffffff} {0x400000000 0x5ffffffff} {0x1000000000 0x7fffffffff}] -regs
configparams force-mem-access 1
targets -set -nocase -filter {name =~"APU*"}
set mode [expr [mrd -value 0xFF5E0200] & 0xf]
targets -set -nocase -filter {name =~ "*R5*#0"}
rst -processor
dow /home/jkl-rpu/workspace_mpsoc_preset/edt_zcu106_wrapper/export/edt_zcu106_wrapper/sw/edt_zcu106_wrapper/boot/fsbl.elf
set bp_36_15_fsbl_bp [bpadd -addr &XFsbl_Exit]
con -block -timeout 60
bpremove $bp_36_15_fsbl_bp
targets -set -nocase -filter {name =~ "*R5*#0"}
rst -processor
dow /home/jkl-rpu/workspace_mpsoc_preset/tmr_psled_r5/Debug/tmr_psled_r5.elf
configparams force-mem-access 0
----------------End of Script----------------

17:36:16 INFO  : Context for processor 'psu_cortexr5_0' is selected.
17:36:16 INFO  : 'con' command is executed.
17:36:16 INFO  : ----------------XSDB Script (After Launch)----------------
targets -set -nocase -filter {name =~ "*R5*#0"}
con
----------------End of Script----------------

17:36:16 INFO  : Launch script is exported to file '/home/jkl-rpu/workspace_mpsoc_preset/tmr_psled_r5_system/_ide/scripts/debugger_tmr_psled_r5-default.tcl'
17:38:44 INFO  : Disconnected from the channel tcfchan#6.
17:38:45 INFO  : Connected through redirection to target on host 'miob-3.acs-lab.eonerc.rwth-aachen.de' and port '3121'.
17:38:45 INFO  : Jtag cable 'Xilinx HW-FTDI-TEST FT232H 42382' is selected.
17:38:45 INFO  : 'jtag frequency' command is executed.
17:38:45 INFO  : Sourcing of '/global/software/vitis/Vitis/2021.2/scripts/vitis/util/zynqmp_utils.tcl' is done.
17:38:45 INFO  : Context for 'APU' is selected.
17:38:46 INFO  : System reset is completed.
17:38:49 INFO  : 'after 3000' command is executed.
17:38:49 INFO  : Context for 'RPU' is selected.
17:38:52 INFO  : Cleared RPU and R5 resets
17:38:52 INFO  : Split mode is enabled for R5#1
17:38:52 INFO  : 'targets -set -filter {jtag_cable_name =~ "Xilinx HW-FTDI-TEST FT232H 42382" && level==0 && jtag_device_ctx=="jsn-HW-FTDI-TEST FT232H-42382-14730093-0"}' command is executed.
17:39:06 INFO  : Device configured successfully with "/home/jkl-rpu/workspace_mpsoc_preset/tmr_psled_r5/_ide/bitstream/edt_zcu106_wrapper.bit"
17:39:06 INFO  : Context for 'APU' is selected.
17:39:06 INFO  : Hardware design and registers information is loaded from '/home/jkl-rpu/workspace_mpsoc_preset/edt_zcu106_wrapper/export/edt_zcu106_wrapper/hw/edt_zcu106_wrapper.xsa'.
17:39:06 INFO  : 'configparams force-mem-access 1' command is executed.
17:39:06 INFO  : Context for 'APU' is selected.
17:39:06 INFO  : Boot mode is read from the target.
17:39:06 INFO  : Context for processor 'psu_cortexr5_0' is selected.
17:39:07 INFO  : Processor reset is completed for 'psu_cortexr5_0'.
17:39:07 INFO  : The application '/home/jkl-rpu/workspace_mpsoc_preset/edt_zcu106_wrapper/export/edt_zcu106_wrapper/sw/edt_zcu106_wrapper/boot/fsbl.elf' is downloaded to processor 'psu_cortexr5_0'.
17:39:07 INFO  : 'set bp_39_7_fsbl_bp [bpadd -addr &XFsbl_Exit]' command is executed.
17:39:08 INFO  : 'con -block -timeout 60' command is executed.
17:39:08 INFO  : 'bpremove $bp_39_7_fsbl_bp' command is executed.
17:39:08 INFO  : Context for processor 'psu_cortexr5_0' is selected.
17:39:09 INFO  : Processor reset is completed for 'psu_cortexr5_0'.
17:39:09 INFO  : The application '/home/jkl-rpu/workspace_mpsoc_preset/tmr_psled_r5/Debug/tmr_psled_r5.elf' is downloaded to processor 'psu_cortexr5_0'.
17:39:09 INFO  : 'configparams force-mem-access 0' command is executed.
17:39:09 INFO  : ----------------XSDB Script----------------
connect -path [list tcp::1548 tcp:miob-3.acs-lab.eonerc.rwth-aachen.de:3121]
source /global/software/vitis/Vitis/2021.2/scripts/vitis/util/zynqmp_utils.tcl
targets -set -nocase -filter {name =~"APU*"}
rst -system
after 3000
targets -set -nocase -filter {name =~"RPU*"}
clear_rpu_reset
enable_split_mode
targets -set -filter {jtag_cable_name =~ "Xilinx HW-FTDI-TEST FT232H 42382" && level==0 && jtag_device_ctx=="jsn-HW-FTDI-TEST FT232H-42382-14730093-0"}
fpga -file /home/jkl-rpu/workspace_mpsoc_preset/tmr_psled_r5/_ide/bitstream/edt_zcu106_wrapper.bit
targets -set -nocase -filter {name =~"APU*"}
loadhw -hw /home/jkl-rpu/workspace_mpsoc_preset/edt_zcu106_wrapper/export/edt_zcu106_wrapper/hw/edt_zcu106_wrapper.xsa -mem-ranges [list {0x80000000 0xbfffffff} {0x400000000 0x5ffffffff} {0x1000000000 0x7fffffffff}] -regs
configparams force-mem-access 1
targets -set -nocase -filter {name =~"APU*"}
set mode [expr [mrd -value 0xFF5E0200] & 0xf]
targets -set -nocase -filter {name =~ "*R5*#0"}
rst -processor
dow /home/jkl-rpu/workspace_mpsoc_preset/edt_zcu106_wrapper/export/edt_zcu106_wrapper/sw/edt_zcu106_wrapper/boot/fsbl.elf
set bp_39_7_fsbl_bp [bpadd -addr &XFsbl_Exit]
con -block -timeout 60
bpremove $bp_39_7_fsbl_bp
targets -set -nocase -filter {name =~ "*R5*#0"}
rst -processor
dow /home/jkl-rpu/workspace_mpsoc_preset/tmr_psled_r5/Debug/tmr_psled_r5.elf
configparams force-mem-access 0
----------------End of Script----------------

17:39:09 INFO  : Context for processor 'psu_cortexr5_0' is selected.
17:39:09 INFO  : 'con' command is executed.
17:39:09 INFO  : ----------------XSDB Script (After Launch)----------------
targets -set -nocase -filter {name =~ "*R5*#0"}
con
----------------End of Script----------------

17:39:09 INFO  : Launch script is exported to file '/home/jkl-rpu/workspace_mpsoc_preset/tmr_psled_r5_system/_ide/scripts/debugger_tmr_psled_r5-default.tcl'
20:15:00 INFO  : Disconnected from the channel tcfchan#7.
